[    0.000000] Initializing cgroup subsys cpuset
[    0.000000] Initializing cgroup subsys cpu
[    0.000000] Initializing cgroup subsys cpuacct
[    0.000000] Linux version 4.4.0-210-generic (buildd@lgw01-amd64-009) (gcc version 5.4.0 20160609 (Ubuntu 5.4.0-6ubuntu1~16.04.12) ) #242-Ubuntu SMP Fri Apr 16 09:57:56 UTC 2021 (Ubuntu 4.4.0-210.242-generic 4.4.262)
[    0.000000] Command line: BOOT_IMAGE=/boot/vmlinuz-4.4.0-210-generic root=LABEL=cloudimg-rootfs ro console=tty1 console=ttyS0
[    0.000000] KERNEL supported cpus:
[    0.000000]   Intel GenuineIntel
[    0.000000]   AMD AuthenticAMD
[    0.000000]   Centaur CentaurHauls
[    0.000000] x86/fpu: Legacy x87 FPU detected.
[    0.000000] e820: BIOS-provided physical RAM map:
[    0.000000] BIOS-e820: [mem 0x0000000000000000-0x000000000009fbff] usable
[    0.000000] BIOS-e820: [mem 0x000000000009fc00-0x000000000009ffff] reserved
[    0.000000] BIOS-e820: [mem 0x00000000000f0000-0x00000000000fffff] reserved
[    0.000000] BIOS-e820: [mem 0x0000000000100000-0x000000001ffeffff] usable
[    0.000000] BIOS-e820: [mem 0x000000001fff0000-0x000000001fffffff] ACPI data
[    0.000000] BIOS-e820: [mem 0x00000000fec00000-0x00000000fec00fff] reserved
[    0.000000] BIOS-e820: [mem 0x00000000fee00000-0x00000000fee00fff] reserved
[    0.000000] BIOS-e820: [mem 0x00000000fffc0000-0x00000000ffffffff] reserved
[    0.000000] NX (Execute Disable) protection: active
[    0.000000] SMBIOS 2.5 present.
[    0.000000] Hypervisor detected: KVM
[    0.000000] e820: last_pfn = 0x1fff0 max_arch_pfn = 0x400000000
[    0.000000] MTRR: Disabled
[    0.000000] x86/PAT: MTRRs disabled, skipping PAT initialization too.
[    0.000000] CPU MTRRs all blank - virtualized system.
[    0.000000] x86/PAT: Configuration [0-7]: WB  WT  UC- UC  WB  WT  UC- UC  
[    0.000000] found SMP MP-table at [mem 0x0009fff0-0x0009ffff] mapped at [ffff88000009fff0]
[    0.000000] Scanning 1 areas for low memory corruption
[    0.000000] RAMDISK: [mem 0x1e8bd000-0x1f746fff]
[    0.000000] ACPI: Early table checksum verification disabled
[    0.000000] ACPI: RSDP 0x00000000000E0000 000024 (v02 VBOX  )
[    0.000000] ACPI: XSDT 0x000000001FFF0030 00003C (v01 VBOX   VBOXXSDT 00000001 ASL  00000061)
[    0.000000] ACPI: FACP 0x000000001FFF00F0 0000F4 (v04 VBOX   VBOXFACP 00000001 ASL  00000061)
[    0.000000] ACPI: DSDT 0x000000001FFF0610 002353 (v02 VBOX   VBOXBIOS 00000002 INTL 20100528)
[    0.000000] ACPI: FACS 0x000000001FFF0200 000040
[    0.000000] ACPI: FACS 0x000000001FFF0200 000040
[    0.000000] ACPI: APIC 0x000000001FFF0240 000054 (v02 VBOX   VBOXAPIC 00000001 ASL  00000061)
[    0.000000] ACPI: SSDT 0x000000001FFF02A0 00036C (v01 VBOX   VBOXCPUT 00000002 INTL 20100528)
[    0.000000] No NUMA configuration found
[    0.000000] Faking a node at [mem 0x0000000000000000-0x000000001ffeffff]
[    0.000000] NODE_DATA(0) allocated [mem 0x1ffeb000-0x1ffeffff]
[    0.000000] kvm-clock: Using msrs 4b564d01 and 4b564d00
[    0.000000] kvm-clock: cpu 0, msr 0:1ffe3001, primary cpu clock
[    0.000000] kvm-clock: using sched offset of 5384875084 cycles
[    0.000000] clocksource: kvm-clock: mask: 0xffffffffffffffff max_cycles: 0x1cd42e4dffb, max_idle_ns: 881590591483 ns
[    0.000000] Zone ranges:
[    0.000000]   DMA      [mem 0x0000000000001000-0x0000000000ffffff]
[    0.000000]   DMA32    [mem 0x0000000001000000-0x000000001ffeffff]
[    0.000000]   Normal   empty
[    0.000000]   Device   empty
[    0.000000] Movable zone start for each node
[    0.000000] Early memory node ranges
[    0.000000]   node   0: [mem 0x0000000000001000-0x000000000009efff]
[    0.000000]   node   0: [mem 0x0000000000100000-0x000000001ffeffff]
[    0.000000] Initmem setup node 0 [mem 0x0000000000001000-0x000000001ffeffff]
[    0.000000] ACPI: PM-Timer IO Port: 0x4008
[    0.000000] IOAPIC[0]: apic_id 1, version 32, address 0xfec00000, GSI 0-23
[    0.000000] ACPI: INT_SRC_OVR (bus 0 bus_irq 0 global_irq 2 dfl dfl)
[    0.000000] ACPI: INT_SRC_OVR (bus 0 bus_irq 9 global_irq 9 low level)
[    0.000000] Using ACPI (MADT) for SMP configuration information
[    0.000000] smpboot: Allowing 1 CPUs, 0 hotplug CPUs
[    0.000000] PM: Registered nosave memory: [mem 0x00000000-0x00000fff]
[    0.000000] PM: Registered nosave memory: [mem 0x0009f000-0x0009ffff]
[    0.000000] PM: Registered nosave memory: [mem 0x000a0000-0x000effff]
[    0.000000] PM: Registered nosave memory: [mem 0x000f0000-0x000fffff]
[    0.000000] e820: [mem 0x20000000-0xfebfffff] available for PCI devices
[    0.000000] Booting paravirtualized kernel on KVM
[    0.000000] clocksource: refined-jiffies: mask: 0xffffffff max_cycles: 0xffffffff, max_idle_ns: 7645519600211568 ns
[    0.000000] setup_percpu: NR_CPUS:512 nr_cpumask_bits:512 nr_cpu_ids:1 nr_node_ids:1
[    0.000000] PERCPU: Embedded 33 pages/cpu @ffff88001fc00000 s95192 r8192 d31784 u2097152
[    0.000000] Built 1 zonelists in Node order, mobility grouping on.  Total pages: 128888
[    0.000000] Policy zone: DMA32
[    0.000000] Kernel command line: BOOT_IMAGE=/boot/vmlinuz-4.4.0-210-generic root=LABEL=cloudimg-rootfs ro console=tty1 console=ttyS0
[    0.000000] PID hash table entries: 2048 (order: 2, 16384 bytes)
[    0.000000] Memory: 481844K/523832K available (8644K kernel code, 1332K rwdata, 4044K rodata, 1492K init, 1164K bss, 41988K reserved, 0K cma-reserved)
[    0.000000] SLUB: HWalign=64, Order=0-3, MinObjects=0, CPUs=1, Nodes=1
[    0.000000] Kernel/User page tables isolation: enabled
[    0.000000] Hierarchical RCU implementation.
[    0.000000] 	Build-time adjustment of leaf fanout to 64.
[    0.000000] 	RCU restricting CPUs from NR_CPUS=512 to nr_cpu_ids=1.
[    0.000000] RCU: Adjusting geometry for rcu_fanout_leaf=64, nr_cpu_ids=1
[    0.000000] NR_IRQS:33024 nr_irqs:256 16
[    0.000000] Console: colour VGA+ 80x25
[    0.000000] console [tty1] enabled
[    0.000000] console [ttyS0] enabled
[    0.000000] tsc: Detected 1439.954 MHz processor
[    0.754695] Calibrating delay loop (skipped) preset value.. 2879.90 BogoMIPS (lpj=5759816)
[    0.766419] pid_max: default: 32768 minimum: 301
[    0.771989] ACPI: Core revision 20150930
[    0.785406] ACPI: 2 ACPI AML tables successfully acquired and loaded
[    0.793600] Security Framework initialized
[    0.799554] Yama: becoming mindful.
[    0.806139] AppArmor: AppArmor initialized
[    0.811729] Dentry cache hash table entries: 65536 (order: 7, 524288 bytes)
[    0.820757] Inode-cache hash table entries: 32768 (order: 6, 262144 bytes)
[    0.830370] Mount-cache hash table entries: 1024 (order: 1, 8192 bytes)
[    0.838740] Mountpoint-cache hash table entries: 1024 (order: 1, 8192 bytes)
[    0.848905] Initializing cgroup subsys io
[    0.854826] Initializing cgroup subsys memory
[    0.860312] Initializing cgroup subsys devices
[    0.866343] Initializing cgroup subsys freezer
[    0.873554] Initializing cgroup subsys net_cls
[    0.879502] Initializing cgroup subsys perf_event
[    0.885542] Initializing cgroup subsys net_prio
[    0.891080] Initializing cgroup subsys hugetlb
[    0.898993] Initializing cgroup subsys pids
[    0.910605] mce: CPU supports 0 MCE banks
[    0.917570] process: using mwait in idle threads
[    0.923512] Last level iTLB entries: 4KB 48, 2MB 0, 4MB 0
[    0.930041] Last level dTLB entries: 4KB 256, 2MB 16, 4MB 16, 1GB 0
[    0.938671] Spectre V1 : Mitigation: usercopy/swapgs barriers and __user pointer sanitization
[    0.950081] Spectre V2 : Mitigation: Full generic retpoline
[    0.956949] Spectre V2 : Spectre v2 / SpectreRSB mitigation: Filling RSB on context switch
[    0.969816] MDS: Vulnerable: Clear CPU buffers attempted, no microcode
[    1.092421] Freeing SMP alternatives memory: 36K
[    1.133242] ftrace: allocating 32380 entries in 127 pages
[    1.414945] smpboot: APIC(0) Converting physical 0 to logical package 0
[    1.422700] smpboot: Max logical packages: 1
[    1.429540] x2apic enabled
[    1.435252] Switched APIC routing to physical x2apic.
[    1.450882] ..TIMER: vector=0x30 apic1=0 pin1=2 apic2=-1 pin2=-1
[    1.566304] smpboot: CPU0: Intel(R) Atom(TM) x5-Z8350  CPU @ 1.44GHz (family: 0x6, model: 0x4c, stepping: 0x4)
[    1.579193] Performance Events: unsupported p6 CPU model 76 no PMU driver, software events only.
[    1.639488] KVM setup paravirtual spinlock
[    1.646750] x86: Booted up 1 node, 1 CPUs
[    1.651615] smpboot: Total of 1 processors activated (2879.90 BogoMIPS)
[    1.661123] devtmpfs: initialized
[    1.676552] evm: security.selinux
[    1.681356] evm: security.SMACK64
[    1.687265] evm: security.SMACK64EXEC
[    1.691908] evm: security.SMACK64TRANSMUTE
[    1.697652] evm: security.SMACK64MMAP
[    1.702357] evm: security.ima
[    1.706592] evm: security.capability
[    1.713745] clocksource: jiffies: mask: 0xffffffff max_cycles: 0xffffffff, max_idle_ns: 7645041785100000 ns
[    1.725223] futex hash table entries: 256 (order: 2, 16384 bytes)
[    1.734938] pinctrl core: initialized pinctrl subsystem
[    1.741425] RTC time: 13:27:02, date: 11/16/24
[    1.748354] NET: Registered protocol family 16
[    1.756889] cpuidle: using governor ladder
[    1.762847] cpuidle: using governor menu
[    1.767792] PCCT header not found.
[    1.772498] ACPI: bus type PCI registered
[    1.779562] acpiphp: ACPI Hot Plug PCI Controller Driver version: 0.5
[    1.789286] PCI: Using configuration type 1 for base access
[    1.804645] ACPI: Added _OSI(Module Device)
[    1.810185] ACPI: Added _OSI(Processor Device)
[    1.815933] ACPI: Added _OSI(3.0 _SCP Extensions)
[    1.823140] ACPI: Added _OSI(Processor Aggregator Device)
[    1.832681] ACPI: Executed 1 blocks of module-level executable AML code
[    1.849317] ACPI: Interpreter enabled
[    1.854200] ACPI: (supports S0 S5)
[    1.858664] ACPI: Using IOAPIC for interrupt routing
[    1.866972] PCI: Using host bridge windows from ACPI; if necessary, use "pci=nocrs" and report a bug
[    1.897056] ACPI: PCI Root Bridge [PCI0] (domain 0000 [bus 00-ff])
[    1.903882] acpi PNP0A03:00: _OSC: OS supports [ASPM ClockPM Segments MSI]
[    1.913944] acpi PNP0A03:00: _OSC: not requesting OS control; OS requires [ExtendedConfig ASPM ClockPM MSI]
[    1.925253] acpi PNP0A03:00: fail to add MMCONFIG information, can't access extended PCI configuration space under this bridge.
[    1.941022] PCI host bridge to bus 0000:00
[    1.947594] pci_bus 0000:00: root bus resource [io  0x0000-0x0cf7 window]
[    1.954978] pci_bus 0000:00: root bus resource [io  0x0d00-0xffff window]
[    1.964382] pci_bus 0000:00: root bus resource [mem 0x000a0000-0x000bffff window]
[    1.973651] pci_bus 0000:00: root bus resource [mem 0x20000000-0xfdffffff window]
[    1.983629] pci_bus 0000:00: root bus resource [bus 00-ff]
[    2.001088] pci 0000:00:01.1: legacy IDE quirk: reg 0x10: [io  0x01f0-0x01f7]
[    2.008779] pci 0000:00:01.1: legacy IDE quirk: reg 0x14: [io  0x03f6]
[    2.017368] pci 0000:00:01.1: legacy IDE quirk: reg 0x18: [io  0x0170-0x0177]
[    2.025026] pci 0000:00:01.1: legacy IDE quirk: reg 0x1c: [io  0x0376]
[    2.090598] pci 0000:00:07.0: quirk: [io  0x4000-0x403f] claimed by PIIX4 ACPI
[    2.100159] pci 0000:00:07.0: quirk: [io  0x4100-0x410f] claimed by PIIX4 SMB
[    2.149048] ACPI: PCI Interrupt Link [LNKA] (IRQs 5 9 10 *11)
[    2.158912] ACPI: PCI Interrupt Link [LNKB] (IRQs 5 9 *10 11)
[    2.170271] ACPI: PCI Interrupt Link [LNKC] (IRQs 5 *9 10 11)
[    2.180576] ACPI: PCI Interrupt Link [LNKD] (IRQs 5 9 10 *11)
[    2.192096] ACPI: Enabled 2 GPEs in block 00 to 07
[    2.266463] vgaarb: setting as boot device: PCI:0000:00:02.0
[    2.273125] vgaarb: device added: PCI:0000:00:02.0,decodes=io+mem,owns=io+mem,locks=none
[    2.284620] vgaarb: loaded
[    2.288539] vgaarb: bridge control possible 0000:00:02.0
[    2.296024] SCSI subsystem initialized
[    2.302435] ACPI: bus type USB registered
[    2.308636] usbcore: registered new interface driver usbfs
[    2.315115] usbcore: registered new interface driver hub
[    2.321213] usbcore: registered new device driver usb
[    2.329483] PCI: Using ACPI for IRQ routing
[    2.336401] NetLabel: Initializing
[    2.342677] NetLabel:  domain hash size = 128
[    2.351127] NetLabel:  protocols = UNLABELED CIPSOv4
[    2.357814] NetLabel:  unlabeled traffic allowed by default
[    2.364910] amd_nb: Cannot enumerate AMD northbridges
[    2.370794] clocksource: Switched to clocksource kvm-clock
[    2.402352] AppArmor: AppArmor Filesystem Enabled
[    2.408355] pnp: PnP ACPI init
[    2.416435] pnp: PnP ACPI: found 3 devices
[    2.434062] clocksource: acpi_pm: mask: 0xffffff max_cycles: 0xffffff, max_idle_ns: 2085701024 ns
[    2.443835] NET: Registered protocol family 2
[    2.450985] TCP established hash table entries: 4096 (order: 3, 32768 bytes)
[    2.459814] TCP bind hash table entries: 4096 (order: 4, 65536 bytes)
[    2.466993] TCP: Hash tables configured (established 4096 bind 4096)
[    2.475321] UDP hash table entries: 256 (order: 1, 8192 bytes)
[    2.481915] UDP-Lite hash table entries: 256 (order: 1, 8192 bytes)
[    2.489254] NET: Registered protocol family 1
[    2.495563] pci 0000:00:00.0: Limiting direct PCI/PCI transfers
[    2.504201] pci 0000:00:01.0: Activating ISA DMA hang workarounds
[    2.512709] Unpacking initramfs...
[    3.115005] Freeing initrd memory: 14888K
[    3.119788] clocksource: tsc: mask: 0xffffffffffffffff max_cycles: 0x14c18f67c3a, max_idle_ns: 440795268761 ns
[    3.131686] platform rtc_cmos: registered platform RTC device (no PNP device found)
[    3.143435] Scanning for low memory corruption every 60 seconds
[    3.151587] audit: initializing netlink subsys (disabled)
[    3.158718] audit: type=2000 audit(1731763628.741:1): initialized
[    3.172501] Initialise system trusted keyring
[    3.178886] HugeTLB registered 2 MB page size, pre-allocated 0 pages
[    3.192551] zbud: loaded
[    3.197645] VFS: Disk quotas dquot_6.6.0
[    3.203643] VFS: Dquot-cache hash table entries: 512 (order 0, 4096 bytes)
[    3.213045] squashfs: version 4.0 (2009/01/31) Phillip Lougher
[    3.222202] fuse init (API version 7.23)
[    3.227991] Key type big_key registered
[    3.232926] Allocating IMA MOK and blacklist keyrings.
[    3.240101] Key type asymmetric registered
[    3.246727] Asymmetric key parser 'x509' registered
[    3.253440] Block layer SCSI generic (bsg) driver version 0.4 loaded (major 249)
[    3.263403] io scheduler noop registered
[    3.268342] io scheduler deadline registered (default)
[    3.276598] io scheduler cfq registered
[    3.281791] pci_hotplug: PCI Hot Plug PCI Core version: 0.5
[    3.288173] pciehp: PCI Express Hot Plug Controller Driver version: 0.4
[    3.298622] ACPI: AC Adapter [AC] (on-line)
[    3.304084] input: Power Button as /devices/LNXSYSTM:00/LNXPWRBN:00/input/input0
[    3.314129] ACPI: Power Button [PWRF]
[    3.321002] input: Sleep Button as /devices/LNXSYSTM:00/LNXSLPBN:00/input/input1
[    3.330930] ACPI: Sleep Button [SLPF]
[    3.338768] ACPI: Battery Slot [BAT0] (battery present)
[    3.346466] GHES: HEST is not enabled!
[    3.352137] Serial: 8250/16550 driver, 32 ports, IRQ sharing enabled
[    3.385473] 00:02: ttyS0 at I/O 0x3f8 (irq = 4, base_baud = 115200) is a 16550A
[    3.399319] Linux agpgart interface v0.103
[    3.414462] loop: module loaded
[    3.421359] scsi host0: ata_piix
[    3.426498] scsi host1: ata_piix
[    3.431048] ata1: PATA max UDMA/33 cmd 0x1f0 ctl 0x3f6 bmdma 0xd000 irq 14
[    3.440107] ata2: PATA max UDMA/33 cmd 0x170 ctl 0x376 bmdma 0xd008 irq 15
[    3.449724] libphy: Fixed MDIO Bus: probed
[    3.454949] tun: Universal TUN/TAP device driver, 1.6
[    3.462496] tun: (C) 1999-2004 Max Krasnyansky <maxk@qualcomm.com>
[    3.470681] PPP generic driver version 2.4.2
[    3.477026] ehci_hcd: USB 2.0 'Enhanced' Host Controller (EHCI) Driver
[    3.484279] ehci-pci: EHCI PCI platform driver
[    3.491654] ehci-platform: EHCI generic platform driver
[    3.497908] ohci_hcd: USB 1.1 'Open' Host Controller (OHCI) Driver
[    3.505268] ohci-pci: OHCI PCI platform driver
[    3.511362] ohci-platform: OHCI generic platform driver
[    3.519043] uhci_hcd: USB Universal Host Controller Interface driver
[    3.527536] i8042: PNP: PS/2 Controller [PNP0303:PS2K,PNP0f03:PS2M] at 0x60,0x64 irq 1,12
[    3.539225] serio: i8042 KBD port at 0x60,0x64 irq 1
[    3.546721] serio: i8042 AUX port at 0x60,0x64 irq 12
[    3.553239] mousedev: PS/2 mouse device common for all mice
[    3.561912] input: AT Translated Set 2 keyboard as /devices/platform/i8042/serio0/input/input2
[    3.575703] rtc_cmos rtc_cmos: rtc core: registered rtc_cmos as rtc0
[    3.582740] rtc_cmos rtc_cmos: alarms up to one day, 114 bytes nvram
[    3.590542] i2c /dev entries driver
[    3.597905] device-mapper: uevent: version 1.0.3
[    3.643505] device-mapper: ioctl: 4.34.0-ioctl (2015-10-28) initialised: dm-devel@redhat.com
[    3.654278] ledtrig-cpu: registered to indicate activity on CPUs
[    3.662368] NET: Registered protocol family 10
[    3.668344] NET: Registered protocol family 17
[    3.675460] Key type dns_resolver registered
[    3.682204] registered taskstats version 1
[    3.687321] Loading compiled-in X.509 certificates
[    3.697370] Loaded X.509 cert 'Build time autogenerated kernel key: cf00e047681d67edb2720680708b7d9498083038'
[    3.709851] zswap: loaded using pool lzo/zbud
[    3.724951] Key type trusted registered
[    3.749300] Key type encrypted registered
[    3.754200] AppArmor: AppArmor sha1 policy hashing enabled
[    3.760887] ima: No TPM chip found, activating TPM-bypass!
[    3.766560] ima: Allocated hash algorithm: sha1
[    3.775084] evm: HMAC attrs: 0x1
[    3.782670]   Magic number: 0:538:483
[    3.788054] rtc_cmos rtc_cmos: setting system clock to 2024-11-16 13:27:04 UTC (1731763624)
[    3.801195] BIOS EDD facility v0.16 2004-Jun-25, 0 devices found
[    3.808673] EDD information not available.
[    3.820920] Freeing unused kernel memory: 1492K
[    3.827287] Write protecting the kernel read-only data: 14336k
[    3.835667] Freeing unused kernel memory: 1584K
[    3.843397] Freeing unused kernel memory: 52K
Loading, please wait...
starting version 229
[    3.913826] random: systemd-udevd: uninitialized urandom read (16 bytes read, 3 bits of entropy available)
[    3.929659] random: udevadm: uninitialized urandom read (16 bytes read, 3 bits of entropy available)
[    3.943084] random: systemd-udevd: uninitialized urandom read (16 bytes read, 3 bits of entropy available)
[    3.953904] random: udevadm: uninitialized urandom read (16 bytes read, 3 bits of entropy available)
[    3.968111] random: systemd-udevd: uninitialized urandom read (16 bytes read, 3 bits of entropy available)
[    3.984415] random: systemd-udevd: uninitialized urandom read (16 bytes read, 3 bits of entropy available)
[    4.059737] random: systemd-udevd: uninitialized urandom read (16 bytes read, 3 bits of entropy available)
[    4.079135] random: systemd-udevd: uninitialized urandom read (16 bytes read, 3 bits of entropy available)
[    4.103348] random: systemd-udevd: uninitialized urandom read (16 bytes read, 3 bits of entropy available)
[    4.118662] random: udevadm: uninitialized urandom read (16 bytes read, 3 bits of entropy available)
[    4.646601] Fusion MPT base driver 3.04.20
[    4.653071] Copyright (c) 1999-2008 LSI Corporation
[    4.659580] e1000: Intel(R) PRO/1000 Network Driver - version 7.3.21-k8-NAPI
[    4.669859] e1000: Copyright (c) 1999-2006 Intel Corporation.
[    4.815737] Fusion MPT SPI Host driver 3.04.20
[    4.942914] input: ImExPS/2 Generic Explorer Mouse as /devices/platform/i8042/serio1/input/input4
[    4.975472] SSE version of gcm_enc/dec engaged.
[    5.702629] e1000 0000:00:03.0 eth0: (PCI:33MHz:32-bit) 02:be:82:6b:cc:1d
[    5.710259] e1000 0000:00:03.0 eth0: Intel(R) PRO/1000 Network Connection
[    5.721684] mptbase: ioc0: Initiating bringup
[    5.799985] ioc0: LSI53C1030 A0: Capabilities={Initiator}
[    5.974292] scsi host2: ioc0: LSI53C1030 A0, FwRev=00000000h, Ports=1, MaxQ=256, IRQ=20
[    6.099718] scsi 2:0:0:0: Direct-Access     VBOX     HARDDISK         1.0  PQ: 0 ANSI: 5
[    6.111772] scsi target2:0:0: Beginning Domain Validation
[    6.168836] scsi target2:0:0: Domain Validation skipping write tests
[    6.176651] scsi target2:0:0: Ending Domain Validation
[    6.193324] scsi target2:0:0: asynchronous
[    6.235017] scsi 2:0:1:0: Direct-Access     VBOX     HARDDISK         1.0  PQ: 0 ANSI: 5
[    6.252946] scsi target2:0:1: Beginning Domain Validation
[    6.361845] scsi target2:0:1: Domain Validation skipping write tests
[    6.369635] scsi target2:0:1: Ending Domain Validation
[    6.394523] scsi target2:0:1: asynchronous
[    6.677048] sd 2:0:0:0: Attached scsi generic sg0 type 0
[    6.683900] sd 2:0:0:0: [sda] 83886080 512-byte logical blocks: (42.9 GB/40.0 GiB)
[    6.695971] sd 2:0:1:0: Attached scsi generic sg1 type 0
[    6.704851] sd 2:0:1:0: [sdb] 20480 512-byte logical blocks: (10.5 MB/10.0 MiB)
[    6.735874] sd 2:0:0:0: [sda] Write Protect is off
[    6.741812] sd 2:0:1:0: [sdb] Write Protect is off
[    6.749050] sd 2:0:1:0: [sdb] Incomplete mode parameter data
[    6.757696] sd 2:0:1:0: [sdb] Assuming drive cache: write through
[    6.828866] sd 2:0:0:0: [sda] Incomplete mode parameter data
[    6.836966] sd 2:0:0:0: [sda] Assuming drive cache: write through
[    6.942711]  sda: sda1
[    6.951206] sd 2:0:0:0: [sda] Attached SCSI disk
[    6.970603] sd 2:0:1:0: [sdb] Attached SCSI disk
[    7.047858] e1000 0000:00:08.0 eth1: (PCI:33MHz:32-bit) 08:00:27:1f:76:5b
[    7.054810] e1000 0000:00:08.0 eth1: Intel(R) PRO/1000 Network Connection
[    7.078057] e1000 0000:00:08.0 enp0s8: renamed from eth1
[    7.111478] e1000 0000:00:03.0 enp0s3: renamed from eth0
Begin: Loading essential drivers ... [   10.433878] md: linear personality registered for level -1
[   10.457418] md: multipath personality registered for level -4
[   10.481317] md: raid0 personality registered for level 0
[   10.508823] md: raid1 personality registered for level 1
[   10.606907] raid6: sse2x1   gen()  1007 MB/s
[   10.674976] raid6: sse2x1   xor()  1586 MB/s
[   10.746954] raid6: sse2x2   gen()   365 MB/s
[   10.818949] raid6: sse2x2   xor()  1583 MB/s
[   10.890988] raid6: sse2x4   gen()   601 MB/s
[   10.964618] raid6: sse2x4   xor()   619 MB/s
[   10.997528] raid6: using algorithm sse2x1 gen() 1007 MB/s
[   11.022054] raid6: .... xor() 1586 MB/s, rmw enabled
[   11.037223] raid6: using ssse3x2 recovery algorithm
[   11.056404] xor: measuring software checksum speed
[   11.102968]    prefetch64-sse:  4574.000 MB/sec
[   11.146937]    generic_sse:  3934.000 MB/sec
[   11.154485] xor: using function: prefetch64-sse (4574.000 MB/sec)
[   11.173600] async_tx: api initialized (async)
[   11.273838] md: raid6 personality registered for level 6
[   11.281673] md: raid5 personality registered for level 5
[   11.293381] md: raid4 personality registered for level 4
[   11.357117] md: raid10 personality registered for level 10
done.
Begin: Running /scripts/init-premount ... done.
Begin: Mounting root file system ... Begin: Running /scripts/local-top ... done.
Begin: Running /scripts/local-premount ... [   11.575548] Btrfs loaded
Scanning for Btrfs filesystems
done.
Warning: fsck not present, so skipping root file system
[   11.734066] EXT4-fs (sda1): INFO: recovery required on readonly filesystem
[   11.741825] EXT4-fs (sda1): write access will be enabled during recovery
[   11.868296] EXT4-fs (sda1): recovery complete
[   11.876411] EXT4-fs (sda1): mounted filesystem with ordered data mode. Opts: (null)
done.
Begin: Running /scripts/local-bottom ... done.
Begin: Running /scripts/init-bottom ... done.
[   12.725257] random: nonblocking pool is initialized
[   12.881792] systemd[1]: systemd 229 running in system mode. (+PAM +AUDIT +SELINUX +IMA +APPARMOR +SMACK +SYSVINIT +UTMP +LIBCRYPTSETUP +GCRYPT +GNUTLS +ACL +XZ -LZ4 +SECCOMP +BLKID +ELFUTILS +KMOD -IDN)
[   12.904439] systemd[1]: Detected virtualization oracle.
[   12.915882] systemd[1]: Detected architecture x86-64.

Welcome to [1mUbuntu 16.04.7 LTS[0m!

[   13.012665] systemd[1]: Set hostname to <admin>.
[   14.292206] systemd[1]: Set up automount Arbitrary Executable File Formats File System Automount Point.
[[0;32m  OK  [0m] Set up automount Arbitrary Executab...ats File System Automount Point.
[   14.313815] systemd[1]: Listening on fsck to fsckd communication Socket.
[[0;32m  OK  [0m] Listening on fsck to fsckd communication Socket.
[   14.329106] systemd[1]: Listening on Journal Socket.
[[0;32m  OK  [0m] Listening on Journal Socket.
[   14.342451] systemd[1]: Reached target System Time Synchronized.
[[0;32m  OK  [0m] Reached target System Time Synchronized.
[   14.363136] systemd[1]: Listening on Syslog Socket.
[[0;32m  OK  [0m] Listening on Syslog Socket.
[   14.374672] systemd[1]: Reached target User and Group Name Lookups.
[[0;32m  OK  [0m] Reached target User and Group Name Lookups.
[   14.390998] systemd[1]: Listening on Journal Socket (/dev/log).
[[0;32m  OK  [0m] Listening on Journal Socket (/dev/log).
[   14.406102] systemd[1]: Created slice User and Session Slice.
[[0;32m  OK  [0m] Created slice User and Session Slice.
[   14.420786] systemd[1]: Reached target Swap.
[[0;32m  OK  [0m] Reached target Swap.
[   14.434351] systemd[1]: Listening on LVM2 metadata daemon socket.
[[0;32m  OK  [0m] Listening on LVM2 metadata daemon socket.
[   14.450135] systemd[1]: Reached target Encrypted Volumes.
[[0;32m  OK  [0m] Reached target Encrypted Volumes.
[   14.473883] systemd[1]: Created slice System Slice.
[[0;32m  OK  [0m] Created slice System Slice.
[   14.518207] systemd[1]: Starting Load Kernel Modules...
         Starting Load Kernel Modules...
[   14.562742] systemd[1]: Starting Set console keymap...
         Starting Set console keymap...
[   14.593884] systemd[1]: Mounting Huge Pages File System...
         Mounting Huge Pages File System...
[   14.643791] systemd[1]: Starting Uncomplicated firewall...
         Starting Uncomplicated firewall...
[   14.683193] systemd[1]: Created slice system-serial\x2dgetty.slice.
[[0;32m  OK  [0m] Created slice system-serial\x2dgetty.slice.
[   14.705276] systemd[1]: Mounting Debug File System...
         Mounting Debug File System...
[   14.761440] systemd[1]: Starting Nameserver information manager...
[   14.769937] Loading iSCSI transport class v2.0-870.
         Starting Nameserver information manager...
[   14.816335] systemd[1]: Starting File System Check on Root Device...
         Starting File System Check on Root Device...
[   14.880244] systemd[1]: Mounting POSIX Message Queue File System...
         Mounting POSIX Message Queue File System...
[   14.915591] systemd[1]: Reached target Slices.
[[0;32m  OK  [0m] Reached target Slices.
[   14.941506] systemd[1]: Listening on udev Kernel Socket.
[[0;32m  OK  [0m] Listening on udev Kernel Socket.
[   14.971644] systemd[1]: Started Forward Password Requests to Wall Directory Watch.
[[0;32m  OK  [0m] Started Forward Password Requests to Wall Directory Watch.
[   15.012314] systemd[1]: Listening on Journal Audit Socket.
[   15.023299] iscsi: registered transport (tcp)
[[0;32m  OK  [0m] Listening on Journal Audit Socket.
[   15.051377] systemd[1]: Starting Journal Service...
         Starting Journal Service...
[   15.082323] systemd[1]: Listening on LVM2 poll daemon socket.
[[0;32m  OK  [0m] Listening on LVM2 poll daemon socket.
[   15.119287] systemd[1]: Starting Create list of required static device nodes for the current kernel...
         Starting Create list of required st... nodes for the current kernel...
[   15.155441] systemd[1]: Listening on /dev/initctl Compatibility Named Pipe.
[[0;32m  OK  [0m] Listening on /dev/initctl Compatibility Named Pipe.
[   15.181709] systemd[1]: Started Trigger resolvconf update for networkd DNS.
[[0;32m  OK  [0m] Started Trigger resolvconf update for networkd DNS.
[   15.220853] systemd[1]: Listening on Device-mapper event daemon FIFOs.
[[0;32m  OK  [0m] Listening on Device-mapper event daemon FIFOs.
[   15.259948] systemd[1]: Starting Monitoring of LVM2 mirrors, snapshots etc. using dmeventd or progress polling...
         Starting Monitoring of LVM2 mirrors... dmeventd or progress polling...
[   15.308706] systemd[1]: Listening on udev Control Socket.
[[0;32m  OK  [0m] Listening on udev Control Socket.
[   15.354081] systemd[1]: Mounted Huge Pages File System.
[[0;32m  OK  [0m] Mounted Huge Pages File System.
[   15.391697] systemd[1]: Mounted POSIX Message Queue File System.
[[0;32m  OK  [0m] Mounted POSIX Message Queue File System.
[   15.423527] systemd[1]: Mounted Debug File System.
[[0;32m  OK  [0m] Mounted Debug File System.
[   15.454371] systemd[1]: Started Uncomplicated firewall.
[[0;32m  OK  [0m] Started Uncomplicated firewall.
[   15.516675] systemd[1]: Started File System Check on Root Device.
[[0;32m  OK  [0m] Started File System Check on Root Device.
[   15.559121] systemd[1]: Started Create list of required static device nodes for the current kernel.
[[0;32m  OK  [0m] Started Create list of required sta...ce nodes for the current kernel.
[   15.598289] systemd[1]: Started Nameserver information manager.
[[0;32m  OK  [0m] Started Nameserver information manager.
[   15.682728] systemd[1]: Started LVM2 metadata daemon.
[[0;32m  OK  [0m] Started LVM2 metadata daemon.
[   15.726722] systemd[1]: Started File System Check Daemon to report status.
[[0;32m  OK  [0m] Started File System Check Daemon to report status.[   15.776223] iscsi: registered transport (iser)

[   15.796063] systemd[1]: Starting Create Static Device Nodes in /dev...
         Starting Create Static Device Nodes in /dev...
[   15.843816] systemd[1]: Starting Remount Root and Kernel File Systems...
         Starting Remount Root and Kernel File Systems...
[   15.900169] systemd[1]: Started Load Kernel Modules.
[[0;32m  OK  [0m] Started Load Kernel Modules.
[   15.934678] systemd[1]: Starting Apply Kernel Variables...
         Starting Apply Kernel Variables...
[   15.984788] systemd[1]: Mounting FUSE Control File System...
[   15.998486] EXT4-fs (sda1): re-mounted. Opts: (null)
         Mounting FUSE Control File System...
[   16.049225] systemd[1]: Started Journal Service.
[[0;32m  OK  [0m] Started Journal Service.
[[0;32m  OK  [0m] Mounted FUSE Control File System.
[[0;32m  OK  [0m] Started Remount Root and Kernel File Systems.
         Starting Load/Save Random Seed...
         Starting udev Coldplug all Devices...
         Starting Flush Journal to Persistent Storage...
[[0;32m  OK  [0m] Started Apply Kernel Variables.
[[0;32m  OK  [0m] Started Load/Save Random Seed.
[[0;32m  OK  [0m] Started Create Static Device Nodes in /dev.
         Starting udev Kernel Device Manager...
[[0;32m  OK  [0m] Started Flush Journal to Persistent Storage.
[[0;32m  OK  [0m] Started Monitoring of LVM2 mirrors,...ng dmeventd or progress polling.
[[0;32m  OK  [0m] Started udev Kernel Device Manager.
[[0;32m  OK  [0m] Started Set console keymap.
[[0;32m  OK  [0m] Reached target Local File Systems (Pre).
[[0;32m  OK  [0m] Reached target Local File Systems.
         Starting Tell Plymouth To Write Out Runtime Data...
         Starting LSB: AppArmor initialization...
         Starting Set console font and keymap...
         Starting Create Volatile Files and Directories...
         Starting Initial cloud-init job (pre-networking)...
[[0;32m  OK  [0m] Started Tell Plymouth To Write Out Runtime Data.
[[0;32m  OK  [0m] Started Create Volatile Files and Directories.
         Starting Update UTMP about System Boot/Shutdown...
[[0;32m  OK  [0m] Started Update UTMP about System Boot/Shutdown.
[[0;32m  OK  [0m] Started udev Coldplug all Devices.
[[0;32m  OK  [0m] Started Dispatch Password Requests to Console Directory Watch.
[[0;32m  OK  [0m] Started LSB: AppArmor initialization.
         Starting Load AppArmor profiles managed internally by snapd...
[[0;32m  OK  [0m] Started Load AppArmor profiles managed internally by snapd.
[[0;32m  OK  [0m] Found device /dev/ttyS0.
[[0;32m  OK  [0m] Listening on Load/Save RF Kill Switch Status /dev/rfkill Watch.
[[0;32m  OK  [0m] Found device 82540EM Gigabit Ethern...r (PRO/1000 MT Desktop Adapter).
[[0;32m  OK  [0m] Found device 82540EM Gigabit Ethern...r (PRO/1000 MT Desktop Adapter).
[[0;32m  OK  [0m] Started Set console font and keymap.
[   28.849126] cloud-init[515]: Cloud-init v. 21.1-19-gbad84ad4-0ubuntu1~16.04.2 running 'init-local' at Sat, 16 Nov 2024 13:27:27 +0000. Up 25.72 seconds.[[0;32m  OK  [0m] Created slice system-getty.slice.

[[0;32m  OK  [0m] Started Initial cloud-init job (pre-networking).
[[0;32m  OK  [0m] Reached target Network (Pre).
         Starting Raise network interfaces...
[[0;32m  OK  [0m] Started ifup for enp0s8.
[[0;32m  OK  [0m] Started ifup for enp0s3.
[[0;32m  OK  [0m] Started Raise network interfaces.
[[0;32m  OK  [0m] Reached target Network.
         Starting Initial cloud-init job (metadata service crawler)...
[   35.055328] cloud-init[1119]: Cloud-init v. 21.1-19-gbad84ad4-0ubuntu1~16.04.2 running 'init' at Sat, 16 Nov 2024 13:27:35 +0000. Up 33.42 seconds.
[   35.077264] cloud-init[1119]: ci-info: ++++++++++++++++++++++++++++++++++++++Net device info+++++++++++++++++++++++++++++++++++++++
[   35.102139] cloud-init[1119]: ci-info: +--------+------+-----------------------------+---------------+--------+-------------------+
[   35.122145] cloud-init[1119]: ci-info: | Device |  Up  |           Address           |      Mask     | Scope  |     Hw-Address    |
[   35.146111] cloud-init[1119]: ci-info: +--------+------+-----------------------------+---------------+--------+-------------------+
[   35.166138] cloud-init[1119]: ci-info: | enp0s3 | True |          10.0.2.15          | 255.255.255.0 | global | 02:be:82:6b:cc:1d |
[   35.186109] cloud-init[1119]: ci-info: | enp0s3 | True |  fe80::be:82ff:fe6b:cc1d/64 |       .       |  link  | 02:be:82:6b:cc:1d |
[   35.206052] cloud-init[1119]: ci-info: | enp0s8 | True |         192.168.56.2        | 255.255.255.0 | global | 08:00:27:1f:76:5b |
[   35.226078] cloud-init[1119]: ci-info: | enp0s8 | True | fe80::a00:27ff:fe1f:765b/64 |       .       |  link  | 08:00:27:1f:76:5b |
[   35.249241] cloud-init[1119]: ci-info: |   lo   | True |          127.0.0.1          |   255.0.0.0   |  host  |         .         |
[   35.270092] cloud-init[1119]: ci-info: |   lo   | True |           ::1/128           |       .       |  host  |         .         |
[   35.290148] cloud-init[1119]: ci-info: +--------+------+-----------------------------+---------------+--------+-------------------+
[   35.310091] cloud-init[1119]: ci-info: ++++++++++++++++++++++++++++Route IPv4 info++++++++++++++++++++++++++++
[   35.330146] cloud-init[1119]: ci-info: +-------+--------------+----------+---------------+-----------+-------+
[   35.342999] cloud-init[1119]: ci-info: | Route | Destination  | Gateway  |    Genmask    | Interface | Flags |
[   35.362107] cloud-init[1119]: ci-info: +-------+--------------+----------+---------------+-----------+-------+
[   35.382108] cloud-init[1119]: ci-info: |   0   |   0.0.0.0    | 10.0.2.2 |    0.0.0.0    |   enp0s3  |   UG  |
[   35.398168] cloud-init[1119]: ci-info: |   1   |   10.0.2.0   | 0.0.0.0  | 255.255.255.0 |   enp0s3  |   U   |
[   35.418193] cloud-init[1119]: ci-info: |   2   | 192.168.56.0 | 0.0.0.0  | 255.255.255.0 |   enp0s8  |   U   |
[   35.437230] cloud-init[1119]: ci-info: +-------+--------------+----------+---------------+-----------+-------+
[   35.454120] cloud-init[1119]: ci-info: +++++++++++++++++++Route IPv6 info+++++++++++++++++++
[   35.474130] cloud-init[1119]: ci-info: +-------+-------------+---------+-----------+-------+
[   35.490292] cloud-init[1119]: ci-info: | Route | Destination | Gateway | Interface | Flags |
[   35.505723] cloud-init[1119]: ci-info: +-------+-------------+---------+-----------+-------+
[   35.521752] cloud-init[1119]: ci-info: |   0   |  fe80::/64  |    ::   |   enp0s8  |   U   |
[   35.542936] cloud-init[1119]: ci-info: |   1   |  fe80::/64  |    ::   |   enp0s3  |   U   |
[   35.558500] cloud-init[1119]: ci-info: |   6   |   ff00::/8  |    ::   |   enp0s8  |   U   |
[   35.583145] cloud-init[1119]: ci-info: |   7   |   ff00::/8  |    ::   |   enp0s3  |   U   |
[[0;32m  OK  [0m] [   35.605420] cloud-init[1119]: ci-info: +-------+-------------+---------+-----------+-------+Started Initial cloud-init job (metadata service crawler).

[[0;32m  OK  [0m] Reached target System Initialization.
[[0;32m  OK  [0m] Started Daily apt download activities.
[[0;32m  OK  [0m] Started Message of the Day.
[[0;32m  OK  [0m] Started Daily apt upgrade and clean activities.
         Starting LXD - unix socket.
[[0;32m  OK  [0m] Listening on UUID daemon activation socket.
[[0;32m  OK  [0m] Listening on D-Bus System Message Bus Socket.
[[0;32m  OK  [0m] Listening on ACPID Listen Socket.
[[0;32m  OK  [0m] Started Ubuntu Advantage update messaging.
[[0;32m  OK  [0m] Started Daily Cleanup of Temporary Directories.
[[0;32m  OK  [0m] Reached target Timers.
         Starting Socket activation for snappy daemon.
[[0;32m  OK  [0m] Started ACPI Events Check.
[[0;32m  OK  [0m] Reached target Paths.
[[0;32m  OK  [0m] Reached target Cloud-config availability.
[[0;32m  OK  [0m] Reached target Network is Online.
         Starting iSCSI initiator daemon (iscsid)...
[[0;32m  OK  [0m] Listening on LXD - unix socket.
[[0;32m  OK  [0m] Listening on Socket activation for snappy daemon.
[[0;32m  OK  [0m] Reached target Sockets.
[[0;32m  OK  [0m] Reached target Basic System.
         Starting System Logging Service...
         Starting Accounts Service...
[[0;32m  OK  [0m] Started Regular background program processing daemon.
[[0;32m  OK  [0m] Started Deferred execution scheduler.
         Starting Virtualbox guest utils...
[[0;32m  OK  [0m] Started D-Bus System Message Bus.
         Starting Login Service...
[[0;32m  OK  [0m] Started FUSE filesystem for LXC.
         Starting A high performance web server and a reverse proxy server...
         Starting LXD - container startup/shutdown...
         Starting /etc/rc.local Compatibility...
         Starting Snap Daemon...
[[0;32m  OK  [0m] Started ACPI event daemon.
         Starting OpenBSD Secure Shell server...
         Starting LSB: MD monitoring daemon...
         Starting LSB: Record successful boot for GRUB...
[[0;32m  OK  [0m] Started System Logging Service.
[[0;32m  OK  [0m] Started /etc/rc.local Compatibility.
[[0;32m  OK  [0m] Started Login Service.
[[0;32m  OK  [0m] Started Unattended Upgrades Shutdown.
         Starting Authenticate and Authorize Users to Run Privileged Tasks...
[[0;32m  OK  [0m] Started iSCSI initiator daemon (iscsid).
         Starting Login to default iSCSI targets...
[[0;32m  OK  [0m] Started LSB: MD monitoring daemon.
[[0;32m  OK  [0m] Started LSB: Record successful boot for GRUB.
[[0;32m  OK  [0m] Started Login to default iSCSI targets.
[[0;32m  OK  [0m] Reached target Remote File Systems (Pre).
         Mounting /vagrant...
[[0;32m  OK  [0m] Started Authenticate and Authorize Users to Run Privileged Tasks.
[[0;32m  OK  [0m] Started Accounts Service.
[[0;1;31mFAILED[0m] Failed to mount /vagrant.
See 'systemctl status vagrant.mount' for details.
[[0;1;33mDEPEND[0m] Dependency failed for Remote File Systems.
         Starting LSB: automatic crash report generation...
         Starting LSB: Set the CPU Frequency Scaling governor to "ondemand"...
         Starting Permit User Sessions...
         Starting LSB: daemon to balance interrupts for SMP systems...
[[0;32m  OK  [0m] Started Permit User Sessions.
         Starting Terminate Plymouth Boot Screen...
         Starting Hold until boot process finishes up...
[[0;32m  OK  [0m] Started Hold until boot process finishes up.
[[0;32m  OK  [0m] Started Terminate Plymouth Boot Screen.
[[0;32m  OK  [0m] Started Serial Getty on ttyS0.
         Starting Set console scheme...
[[0;32m  OK  [0m] Started Getty on tty1.
[[0;32m  OK  [0m] Reached target Login Prompts.
[[0;32m  OK  [0m] Started Set console scheme.
[[0;32m  OK  [0m] Started OpenBSD Secure Shell server.
[[0;32m  OK  [0m] Started Virtualbox guest utils.
[[0;32m  OK  [0m] Started LSB: Set the CPU Frequency Scaling governor to "ondemand".
[[0;32m  OK  [0m] Started LSB: automatic crash report generation.
[[0;32m  OK  [0m] Started LSB: daemon to balance interrupts for SMP systems.
[[0;1;31mFAILED[0m] Failed to start A high performance ...rver and a reverse proxy server.
See 'systemctl status nginx.service' for details.
[[0;32m  OK  [0m] Started LXD - container startup/shutdown.
[[0;32m  OK  [0m] Started Snap Daemon.
         Starting Wait until snapd is fully seeded...
[[0;32m  OK  [0m] Started Wait until snapd is fully seeded.
[[0;32m  OK  [0m] Reached target Multi-User System.
[[0;32m  OK  [0m] Reached target Graphical Interface.
         Starting Update UTMP about System Runlevel Changes...
         Starting Apply the settings specified in cloud-config...
[[0;32m  OK  [0m] Started Update UTMP about System Runlevel Changes.
[   44.856661] cloud-init[1408]: Cloud-init v. 21.1-19-gbad84ad4-0ubuntu1~16.04.2 running 'modules:config' at Sat, 16 Nov 2024 13:27:46 +0000. Up 44.15 seconds.

Ubuntu 16.04.7 LTS admin ttyS0

admin login: [   47.332390] cloud-init[1426]: Cloud-init v. 21.1-19-gbad84ad4-0ubuntu1~16.04.2 running 'modules:final' at Sat, 16 Nov 2024 13:27:48 +0000. Up 46.71 seconds.
[   47.358401] cloud-init[1426]: Cloud-init v. 21.1-19-gbad84ad4-0ubuntu1~16.04.2 finished at Sat, 16 Nov 2024 13:27:49 +0000. Datasource DataSourceNoCloud [seed=/dev/sdb][dsmode=net].  Up 47.29 seconds
